#
# There is insufficient memory for the Java Runtime Environment to continue.
# Native memory allocation (mmap) failed to map 266338304 bytes for Failed to commit area from 0x0000000702200000 to 0x0000000712000000 of length 266338304.
# Possible reasons:
#   The system is out of physical RAM or swap space
#   The process is running with CompressedOops enabled, and the Java Heap may be blocking the growth of the native heap
# Possible solutions:
#   Reduce memory load on the system
#   Increase physical memory or swap space
#   Check if swap backing store is full
#   Decrease Java heap size (-Xmx/-Xms)
#   Decrease number of Java threads
#   Decrease Java thread stack sizes (-Xss)
#   Set larger code cache with -XX:ReservedCodeCacheSize=
# This output file may be truncated or incomplete.
#
#  Out of Memory Error (./open/src/hotspot/os/windows/os_windows.cpp:3273), pid=15068, tid=2508
#
# JRE version:  (11.0.10+8) (build )
# Java VM: Java HotSpot(TM) 64-Bit Server VM (11.0.10+8-LTS-162, mixed mode, sharing, tiered, compressed oops, g1 gc, windows-amd64)
# No core dump will be written. Minidumps are not enabled by default on client versions of Windows
#

---------------  S U M M A R Y ------------

Command Line: C:\Users\Monster\Desktop\SayacApp\node_modules\react-native-vector-image\bin\svg2vd-0.1.jar C:\Users\Monster\AppData\Local\Temp\vd_1964a6700715f2dd2072b16026a6059c\image.svg C:\Users\Monster\AppData\Local\Temp\vd_1964a6700715f2dd2072b16026a6059c

Host: Intel(R) Core(TM) i5-9300H CPU @ 2.40GHz, 8 cores, 15G,  Windows 10 , 64 bit Build 19041 (10.0.19041.1151)
Time: Wed Aug 25 17:51:59 2021 Türkiye Standart Saati elapsed time: 9.662472 seconds (0d 0h 0m 9s)

---------------  T H R E A D  ---------------

Current thread (0x00000284d7297800):  JavaThread "Unknown thread" [_thread_in_vm, id=2508, stack(0x0000008736200000,0x0000008736300000)]

Stack: [0x0000008736200000,0x0000008736300000]
Native frames: (J=compiled Java code, j=interpreted, Vv=VM code, C=native code)
V  [jvm.dll+0x613e6a]
V  [jvm.dll+0x74c1ff]
V  [jvm.dll+0x74d885]
V  [jvm.dll+0x74df03]
V  [jvm.dll+0x243b78]
V  [jvm.dll+0x61125a]
V  [jvm.dll+0x606165]
V  [jvm.dll+0x2f85fc]
V  [jvm.dll+0x2f8482]
V  [jvm.dll+0x2fd136]
V  [jvm.dll+0x33f6bf]
V  [jvm.dll+0x33f0f0]
V  [jvm.dll+0x2d5d08]
V  [jvm.dll+0x2d6e66]
V  [jvm.dll+0x727d17]
V  [jvm.dll+0x7295bf]
V  [jvm.dll+0x34c4a9]
V  [jvm.dll+0x70d6b0]
V  [jvm.dll+0x3b584f]
V  [jvm.dll+0x3b7951]
C  [jli.dll+0x520b]
C  [ucrtbase.dll+0x21bb2]
C  [KERNEL32.DLL+0x17034]
C  [ntdll.dll+0x52651]


---------------  P R O C E S S  ---------------

Threads class SMR info:
_java_thread_list=0x00000284d7032120, length=0, elements={
}

Java Threads: ( => current thread )

Other Threads:
  0x00000284d72ac000 GCTaskThread "GC Thread#0" [stack: 0x0000008736300000,0x0000008736400000] [id=3992]
  0x00000284d7308000 ConcurrentGCThread "G1 Main Marker" [stack: 0x0000008736400000,0x0000008736500000] [id=4428]
  0x00000284d730a800 ConcurrentGCThread "G1 Conc#0" [stack: 0x0000008736500000,0x0000008736600000] [id=13908]

[error occurred during error reporting (printing all threads), id 0xc0000005, EXCEPTION_ACCESS_VIOLATION (0xc0000005) at pc=0x00007ffb76bd4f57]

VM state:not at safepoint (not fully initialized)

VM Mutex/Monitor currently owned by a thread:  ([mutex/lock_event])
[0x00000284d7294c50] Heap_lock - owner thread: 0x00000284d7297800

Heap address: 0x0000000702200000, size: 4062 MB, Compressed Oops mode: Non-zero based: 0x0000000702200000
Narrow klass base: 0x0000000000000000, Narrow klass shift: 0

GC Heap History (0 events):
No events

Deoptimization events (0 events):
No events

Classes redefined (0 events):
No events

Internal exceptions (0 events):
No events

Events (0 events):
No events


Dynamic libraries:
0x00007ff6c1620000 - 0x00007ff6c162f000 	C:\Program Files\Java\jdk-11.0.10\bin\java.exe
0x00007ffc0cd70000 - 0x00007ffc0cf65000 	C:\WINDOWS\SYSTEM32\ntdll.dll
0x00007ffc0cc70000 - 0x00007ffc0cd2d000 	C:\WINDOWS\System32\KERNEL32.DLL
0x00007ffc0a7f0000 - 0x00007ffc0aab9000 	C:\WINDOWS\System32\KERNELBASE.dll
0x00007ffc0aac0000 - 0x00007ffc0abc0000 	C:\WINDOWS\System32\ucrtbase.dll
0x00007ffbf7860000 - 0x00007ffbf7875000 	C:\Program Files\Java\jdk-11.0.10\bin\VCRUNTIME140.dll
0x00007ffbf7840000 - 0x00007ffbf7858000 	C:\Program Files\Java\jdk-11.0.10\bin\jli.dll
0x00007ffc0b780000 - 0x00007ffc0b82c000 	C:\WINDOWS\System32\ADVAPI32.dll
0x00007ffc0b9a0000 - 0x00007ffc0ba3e000 	C:\WINDOWS\System32\msvcrt.dll
0x00007ffc0c660000 - 0x00007ffc0c6fb000 	C:\WINDOWS\System32\sechost.dll
0x00007ffc0b020000 - 0x00007ffc0b14a000 	C:\WINDOWS\System32\RPCRT4.dll
0x00007ffc0b5e0000 - 0x00007ffc0b780000 	C:\WINDOWS\System32\USER32.dll
0x00007ffc0abc0000 - 0x00007ffc0abe2000 	C:\WINDOWS\System32\win32u.dll
0x00007ffc0afe0000 - 0x00007ffc0b00a000 	C:\WINDOWS\System32\GDI32.dll
0x00007ffc0a590000 - 0x00007ffc0a69b000 	C:\WINDOWS\System32\gdi32full.dll
0x00007ffc0a750000 - 0x00007ffc0a7ed000 	C:\WINDOWS\System32\msvcp_win.dll
0x00007ffbe2260000 - 0x00007ffbe24fa000 	C:\WINDOWS\WinSxS\amd64_microsoft.windows.common-controls_6595b64144ccf1df_6.0.19041.1110_none_60b5254171f9507e\COMCTL32.dll
0x00007ffc036f0000 - 0x00007ffc036fa000 	C:\WINDOWS\SYSTEM32\VERSION.dll
0x00007ffc0c700000 - 0x00007ffc0c730000 	C:\WINDOWS\System32\IMM32.DLL
0x00007ffbbace0000 - 0x00007ffbbad7b000 	C:\Program Files\Java\jdk-11.0.10\bin\msvcp140.dll
0x00007ffb768f0000 - 0x00007ffb773eb000 	C:\Program Files\Java\jdk-11.0.10\bin\server\jvm.dll
0x00007ffc0b990000 - 0x00007ffc0b998000 	C:\WINDOWS\System32\PSAPI.DLL
0x00007ffbf3a50000 - 0x00007ffbf3a77000 	C:\WINDOWS\SYSTEM32\WINMM.dll
0x00007ffbefa50000 - 0x00007ffbefa59000 	C:\WINDOWS\SYSTEM32\WSOCK32.dll
0x00007ffc0c5f0000 - 0x00007ffc0c65b000 	C:\WINDOWS\System32\WS2_32.dll
0x00007ffc08d30000 - 0x00007ffc08d42000 	C:\WINDOWS\SYSTEM32\kernel.appcore.dll
0x00007ffc04aa0000 - 0x00007ffc04ab0000 	C:\Program Files\Java\jdk-11.0.10\bin\verify.dll
0x00007ffc080f0000 - 0x00007ffc082d4000 	C:\WINDOWS\SYSTEM32\DBGHELP.DLL
0x00007ffbef880000 - 0x00007ffbef8ac000 	C:\WINDOWS\SYSTEM32\dbgcore.DLL
0x00007ffc0a4a0000 - 0x00007ffc0a523000 	C:\WINDOWS\System32\bcryptPrimitives.dll
0x00007ffbec4d0000 - 0x00007ffbec4f8000 	C:\Program Files\Java\jdk-11.0.10\bin\java.dll
0x00007ffc04020000 - 0x00007ffc0402a000 	C:\Program Files\Java\jdk-11.0.10\bin\jimage.dll
0x00007ffbf20f0000 - 0x00007ffbf2106000 	C:\Program Files\Java\jdk-11.0.10\bin\zip.dll

dbghelp: loaded successfully - version: 4.0.5 - missing functions: none
symbol engine: initialized successfully - sym options: 0x614 - pdb path: .;C:\Program Files\Java\jdk-11.0.10\bin;C:\WINDOWS\SYSTEM32;C:\WINDOWS\WinSxS\amd64_microsoft.windows.common-controls_6595b64144ccf1df_6.0.19041.1110_none_60b5254171f9507e;C:\Program Files\Java\jdk-11.0.10\bin\server

VM Arguments:
java_command: C:\Users\Monster\Desktop\SayacApp\node_modules\react-native-vector-image\bin\svg2vd-0.1.jar C:\Users\Monster\AppData\Local\Temp\vd_1964a6700715f2dd2072b16026a6059c\image.svg C:\Users\Monster\AppData\Local\Temp\vd_1964a6700715f2dd2072b16026a6059c
java_class_path (initial): C:\Users\Monster\Desktop\SayacApp\node_modules\react-native-vector-image\bin\svg2vd-0.1.jar
Launcher Type: SUN_STANDARD

[Global flags]
     intx CICompilerCount                          = 4                                         {product} {ergonomic}
     uint ConcGCThreads                            = 2                                         {product} {ergonomic}
     uint G1ConcRefinementThreads                  = 8                                         {product} {ergonomic}
   size_t G1HeapRegionSize                         = 1048576                                   {product} {ergonomic}
    uintx GCDrainStackTargetSize                   = 64                                        {product} {ergonomic}
   size_t InitialHeapSize                          = 266338304                                 {product} {ergonomic}
   size_t MarkStackSize                            = 4194304                                   {product} {ergonomic}
   size_t MaxHeapSize                              = 4259315712                                {product} {ergonomic}
   size_t MinHeapDeltaBytes                        = 1048576                                   {product} {ergonomic}
    uintx NonNMethodCodeHeapSize                   = 5836300                                {pd product} {ergonomic}
    uintx NonProfiledCodeHeapSize                  = 122910970                              {pd product} {ergonomic}
    uintx ProfiledCodeHeapSize                     = 122910970                              {pd product} {ergonomic}
    uintx ReservedCodeCacheSize                    = 251658240                              {pd product} {ergonomic}
     bool SegmentedCodeCache                       = true                                      {product} {ergonomic}
     bool UseCompressedClassPointers               = true                                 {lp64_product} {ergonomic}
     bool UseCompressedOops                        = true                                 {lp64_product} {ergonomic}
     bool UseG1GC                                  = true                                      {product} {ergonomic}
     bool UseLargePagesIndividualAllocation        = false                                  {pd product} {ergonomic}

Logging:
Log output configuration:
 #0: stdout all=warning uptime,level,tags
 #1: stderr all=off uptime,level,tags

Environment Variables:
CLASSPATH=D:\LINGO64_18\Lingo18.jar
PATH=C:\Users\Monster\Desktop\SayacApp\node_modules\.bin;C:\Python39\Scripts\;C:\Python39\;C:\Program Files\Common Files\Oracle\Java\javapath;C:\Windows\system32;C:\Windows;C:\Windows\System32\Wbem;C:\Windows\System32\WindowsPowerShell\v1.0\;C:\Windows\System32\OpenSSH\;C:\Program Files (x86)\NVIDIA Corporation\PhysX\Common;C:\Program Files (x86)\Intel\Intel(R) Management Engine Components\DAL;C:\Program Files\Intel\Intel(R) Management Engine Components\DAL;C:\Program Files\Intel\WiFi\bin\;C:\Program Files\Common Files\Intel\WirelessCommon\;D:\LINGO64_18\;C:\Program Files\MATLAB\R2020a\bin;C:\Program Files\Git\cmd;C:\Program Files\NVIDIA Corporation\NVIDIA NvDLISR;C:\ProgramData\chocolatey\bin;C:\WINDOWS\system32;C:\WINDOWS;C:\WINDOWS\System32\Wbem;C:\WINDOWS\System32\WindowsPowerShell\v1.0\;C:\WINDOWS\System32\OpenSSH\;C:\Program Files\dotnet\;C:\Program Files\nodejs\;C:\Users\Monster\AppData\Local\Android\Sdk\platform-tools;C:\Users\Monster\AppData\Local\Android\Sdk\emulator;C:\Program Files\MySQL\MySQL Shell 8.0\bin\;C:\Users\Monster\Anaconda3;C:\Users\Monster\Anaconda3\Library\mingw-w64\bin;C:\Users\Monster\Anaconda3\Library\usr\bin;C:\Users\Monster\Anaconda3\Library\bin;C:\Users\Monster\Anaconda3\Scripts;C:\Users\Monster\AppData\Local\Microsoft\WindowsApps;C:\Program Files\Intel\WiFi\bin\;C:\Program Files\Common Files\Intel\WirelessCommon\;C:\Program Files\Tesseract-OCR;C:\Users\Monster\AppData\Local\Programs\Microsoft VS Code\bin;C:\Users\Monster\.dotnet\tools;C:\Users\Monster\AppData\Roaming\npm;C:\Users\Monster\AppData\Local\GitHubDesktop\bin
USERNAME=Monster
OS=Windows_NT
PROCESSOR_IDENTIFIER=Intel64 Family 6 Model 158 Stepping 10, GenuineIntel



---------------  S Y S T E M  ---------------

OS: Windows 10 , 64 bit Build 19041 (10.0.19041.1151)

CPU:total 8 (initial active 8) (4 cores per cpu, 2 threads per core) family 6 model 158 stepping 10 microcode 0xb4, cmov, cx8, fxsr, mmx, sse, sse2, sse3, ssse3, sse4.1, sse4.2, popcnt, avx, avx2, aes, clmul, erms, 3dnowpref, lzcnt, ht, tsc, tscinvbit, bmi1, bmi2, adx, fma

Memory: 4k page, system-wide physical 16243M (5466M free)
TotalPageFile size 24980M (AvailPageFile size 3092M)
current process WorkingSet (physical memory assigned to process): 9M, peak: 9M
current process commit charge ("private bytes"): 60M, peak: 314M

vm_info: Java HotSpot(TM) 64-Bit Server VM (11.0.10+8-LTS-162) for windows-amd64 JRE (11.0.10+8-LTS-162), built on Dec  8 2020 16:32:57 by "mach5one" with MS VC++ 15.9 (VS2017)

END.
